[INFO] Scanning for projects...
[WARNING] 
[WARNING] Some problems were encountered while building the effective model for org.springframework.samples.petclinic.vets:spring-petclinic-vets-service:jar:2.7.6-SNAPSHOT
[WARNING] The expression ${version} is deprecated. Please use ${project.version} instead.
[WARNING] 
[WARNING] It is highly recommended to fix these problems because they threaten the stability of your build.
[WARNING] 
[WARNING] For this reason, future Maven versions might no longer support building such malformed projects.
[WARNING] 
[INFO] 
[INFO] --< org.springframework.samples.petclinic.visits:spring-petclinic-visits-service >--
[INFO] Building spring-petclinic-visits-service 2.7.6-SNAPSHOT
[INFO] --------------------------------[ jar ]---------------------------------
[WARNING] The artifact mysql:mysql-connector-java:jar:8.0.31 has been relocated to com.mysql:mysql-connector-j:jar:8.0.31: MySQL Connector/J artifacts moved to reverse-DNS compliant Maven 2+ coordinates.
[WARNING] The artifact org.hibernate:hibernate-validator:jar:8.0.0.Final has been relocated to org.hibernate.validator:hibernate-validator:jar:8.0.0.Final
[INFO] 
[INFO] --- maven-resources-plugin:3.3.0:resources (default-resources) @ spring-petclinic-visits-service ---
[INFO] Copying 2 resources
[INFO] Copying 7 resources
[INFO] 
[INFO] --- maven-compiler-plugin:3.10.1:compile (default-compile) @ spring-petclinic-visits-service ---
[INFO] Nothing to compile - all classes are up to date
[INFO] 
[INFO] --- maven-resources-plugin:3.3.0:testResources (default-testResources) @ spring-petclinic-visits-service ---
[INFO] Copying 1 resource
[INFO] 
[INFO] --- maven-compiler-plugin:3.10.1:testCompile (default-testCompile) @ spring-petclinic-visits-service ---
[INFO] Nothing to compile - all classes are up to date
[INFO] 
[INFO] --- maven-surefire-plugin:2.22.2:test (default-test) @ spring-petclinic-visits-service ---
[INFO] 
[INFO] -------------------------------------------------------
[INFO]  T E S T S
[INFO] -------------------------------------------------------
[INFO] Running org.springframework.samples.petclinic.visits.web.VisitResourceTest
[INFO] Tests run: 1, Failures: 0, Errors: 0, Skipped: 0, Time elapsed: 6.383 s - in org.springframework.samples.petclinic.visits.web.VisitResourceTest
[INFO] 
[INFO] Results:
[INFO] 
[INFO] Tests run: 1, Failures: 0, Errors: 0, Skipped: 0
[INFO] 
[INFO] 
[INFO] --- maven-jar-plugin:3.3.0:jar (default-jar) @ spring-petclinic-visits-service ---
[INFO] 
[INFO] --- spring-boot-maven-plugin:3.0.1:repackage (repackage) @ spring-petclinic-visits-service ---
[INFO] Replacing main artifact with repackaged archive
[INFO] 
[INFO] --- spring-boot-maven-plugin:3.0.1:repackage (default) @ spring-petclinic-visits-service ---
[INFO] Replacing main artifact with repackaged archive
[INFO] 
[INFO] --- flatten-maven-plugin:1.3.0:flatten (flatten) @ spring-petclinic-visits-service ---
[INFO] Generating flattened POM of project org.springframework.samples.petclinic.visits:spring-petclinic-visits-service:jar:2.7.6-SNAPSHOT...
[INFO] 
[INFO] --- maven-install-plugin:3.0.1:install (default-install) @ spring-petclinic-visits-service ---
[INFO] Installing /Users/gregory.eales/Developer/git/spring-petclinic-microservices/spring-petclinic-visits-service/.flattened-pom.xml to /Users/gregory.eales/.m2/repository/org/springframework/samples/petclinic/visits/spring-petclinic-visits-service/2.7.6-SNAPSHOT/spring-petclinic-visits-service-2.7.6-SNAPSHOT.pom
[INFO] Installing /Users/gregory.eales/Developer/git/spring-petclinic-microservices/spring-petclinic-visits-service/target/spring-petclinic-visits-service-2.7.6-SNAPSHOT.jar to /Users/gregory.eales/.m2/repository/org/springframework/samples/petclinic/visits/spring-petclinic-visits-service/2.7.6-SNAPSHOT/spring-petclinic-visits-service-2.7.6-SNAPSHOT.jar
[INFO] 
[INFO] --- maven-deploy-plugin:3.0.0:deploy (default-deploy) @ spring-petclinic-visits-service ---
[INFO] Downloading from atmosphere-nexus: https://nexus.atm.osp.tech/repository/maven-snapshots/org/springframework/samples/petclinic/visits/spring-petclinic-visits-service/2.7.6-SNAPSHOT/maven-metadata.xml
[INFO] Downloaded from atmosphere-nexus: https://nexus.atm.osp.tech/repository/maven-snapshots/org/springframework/samples/petclinic/visits/spring-petclinic-visits-service/2.7.6-SNAPSHOT/maven-metadata.xml (828 B at 1.8 kB/s)
[INFO] Uploading to atmosphere-nexus: https://nexus.atm.osp.tech/repository/maven-snapshots/org/springframework/samples/petclinic/visits/spring-petclinic-visits-service/2.7.6-SNAPSHOT/spring-petclinic-visits-service-2.7.6-20230111.110007-24.pom
[INFO] Uploaded to atmosphere-nexus: https://nexus.atm.osp.tech/repository/maven-snapshots/org/springframework/samples/petclinic/visits/spring-petclinic-visits-service/2.7.6-SNAPSHOT/spring-petclinic-visits-service-2.7.6-20230111.110007-24.pom (5.9 kB at 28 kB/s)
[INFO] Uploading to atmosphere-nexus: https://nexus.atm.osp.tech/repository/maven-snapshots/org/springframework/samples/petclinic/visits/spring-petclinic-visits-service/2.7.6-SNAPSHOT/spring-petclinic-visits-service-2.7.6-20230111.110007-24.jar
[INFO] Uploaded to atmosphere-nexus: https://nexus.atm.osp.tech/repository/maven-snapshots/org/springframework/samples/petclinic/visits/spring-petclinic-visits-service/2.7.6-SNAPSHOT/spring-petclinic-visits-service-2.7.6-20230111.110007-24.jar (79 MB at 27 MB/s)
[INFO] Downloading from atmosphere-nexus: https://nexus.atm.osp.tech/repository/maven-snapshots/org/springframework/samples/petclinic/visits/spring-petclinic-visits-service/maven-metadata.xml
[INFO] Downloaded from atmosphere-nexus: https://nexus.atm.osp.tech/repository/maven-snapshots/org/springframework/samples/petclinic/visits/spring-petclinic-visits-service/maven-metadata.xml (335 B at 5.9 kB/s)
[INFO] Uploading to atmosphere-nexus: https://nexus.atm.osp.tech/repository/maven-snapshots/org/springframework/samples/petclinic/visits/spring-petclinic-visits-service/2.7.6-SNAPSHOT/maven-metadata.xml
[INFO] Uploaded to atmosphere-nexus: https://nexus.atm.osp.tech/repository/maven-snapshots/org/springframework/samples/petclinic/visits/spring-petclinic-visits-service/2.7.6-SNAPSHOT/maven-metadata.xml (828 B at 5.3 kB/s)
[INFO] Uploading to atmosphere-nexus: https://nexus.atm.osp.tech/repository/maven-snapshots/org/springframework/samples/petclinic/visits/spring-petclinic-visits-service/maven-metadata.xml
[INFO] Uploaded to atmosphere-nexus: https://nexus.atm.osp.tech/repository/maven-snapshots/org/springframework/samples/petclinic/visits/spring-petclinic-visits-service/maven-metadata.xml (335 B at 2.1 kB/s)
[INFO] ------------------------------------------------------------------------
[INFO] BUILD SUCCESS
[INFO] ------------------------------------------------------------------------
[INFO] Total time:  16.371 s
[INFO] Finished at: 2023-01-11T11:00:23Z
[INFO] ------------------------------------------------------------------------
