[INFO] Scanning for projects...
[WARNING] 
[WARNING] Some problems were encountered while building the effective model for org.springframework.samples.petclinic.client:spring-petclinic-customers-service:jar:2.7.6-SNAPSHOT
[WARNING] The expression ${version} is deprecated. Please use ${project.version} instead.
[WARNING] 
[WARNING] Some problems were encountered while building the effective model for org.springframework.samples.petclinic.vets:spring-petclinic-vets-service:jar:2.7.6-SNAPSHOT
[WARNING] The expression ${version} is deprecated. Please use ${project.version} instead.
[WARNING] 
[WARNING] Some problems were encountered while building the effective model for org.springframework.samples.petclinic.visits:spring-petclinic-visits-service:jar:2.7.6-SNAPSHOT
[WARNING] The expression ${version} is deprecated. Please use ${project.version} instead.
[WARNING] 
[WARNING] It is highly recommended to fix these problems because they threaten the stability of your build.
[WARNING] 
[WARNING] For this reason, future Maven versions might no longer support building such malformed projects.
[WARNING] 
[INFO] ------------------------------------------------------------------------
[INFO] Reactor Build Order:
[INFO] 
[INFO] spring-petclinic-microservices                                     [pom]
[INFO] spring-petclinic-jarjar                                            [jar]
[INFO] spring-petclinic-shared                                            [jar]
[INFO] spring-petclinic-customers-service                                 [jar]
[INFO] 
[INFO] -----< org.springframework.samples:spring-petclinic-microservices >-----
[INFO] Building spring-petclinic-microservices 2.7.6-SNAPSHOT             [1/4]
[INFO] --------------------------------[ pom ]---------------------------------
[INFO] 
[INFO] --- flatten-maven-plugin:1.3.0:flatten (flatten) @ spring-petclinic-microservices ---
[INFO] Generating flattened POM of project org.springframework.samples:spring-petclinic-microservices:pom:2.7.6-SNAPSHOT...
[INFO] 
[INFO] --- maven-install-plugin:3.0.1:install (default-install) @ spring-petclinic-microservices ---
[INFO] Installing /Users/gregory.eales/Developer/git/spring-petclinic-microservices/.flattened-pom.xml to /Users/gregory.eales/.m2/repository/org/springframework/samples/spring-petclinic-microservices/2.7.6-SNAPSHOT/spring-petclinic-microservices-2.7.6-SNAPSHOT.pom
[INFO] 
[INFO] --- maven-deploy-plugin:3.0.0:deploy (default-deploy) @ spring-petclinic-microservices ---
[INFO] Downloading from atmosphere-nexus: https://nexus.atm.osp.tech/repository/maven-snapshots/org/springframework/samples/spring-petclinic-microservices/2.7.6-SNAPSHOT/maven-metadata.xml
[INFO] Downloaded from atmosphere-nexus: https://nexus.atm.osp.tech/repository/maven-snapshots/org/springframework/samples/spring-petclinic-microservices/2.7.6-SNAPSHOT/maven-metadata.xml (636 B at 1.2 kB/s)
[INFO] Uploading to atmosphere-nexus: https://nexus.atm.osp.tech/repository/maven-snapshots/org/springframework/samples/spring-petclinic-microservices/2.7.6-SNAPSHOT/spring-petclinic-microservices-2.7.6-20230111.163209-14.pom
[INFO] Uploaded to atmosphere-nexus: https://nexus.atm.osp.tech/repository/maven-snapshots/org/springframework/samples/spring-petclinic-microservices/2.7.6-SNAPSHOT/spring-petclinic-microservices-2.7.6-20230111.163209-14.pom (5.6 kB at 34 kB/s)
[INFO] Downloading from atmosphere-nexus: https://nexus.atm.osp.tech/repository/maven-snapshots/org/springframework/samples/spring-petclinic-microservices/maven-metadata.xml
[INFO] Downloaded from atmosphere-nexus: https://nexus.atm.osp.tech/repository/maven-snapshots/org/springframework/samples/spring-petclinic-microservices/maven-metadata.xml (317 B at 5.4 kB/s)
[INFO] Uploading to atmosphere-nexus: https://nexus.atm.osp.tech/repository/maven-snapshots/org/springframework/samples/spring-petclinic-microservices/2.7.6-SNAPSHOT/maven-metadata.xml
[INFO] Uploaded to atmosphere-nexus: https://nexus.atm.osp.tech/repository/maven-snapshots/org/springframework/samples/spring-petclinic-microservices/2.7.6-SNAPSHOT/maven-metadata.xml (636 B at 3.7 kB/s)
[INFO] Uploading to atmosphere-nexus: https://nexus.atm.osp.tech/repository/maven-snapshots/org/springframework/samples/spring-petclinic-microservices/maven-metadata.xml
[INFO] Uploaded to atmosphere-nexus: https://nexus.atm.osp.tech/repository/maven-snapshots/org/springframework/samples/spring-petclinic-microservices/maven-metadata.xml (317 B at 2.0 kB/s)
[INFO] 
[INFO] --------< org.springframework.samples:spring-petclinic-jarjar >---------
[INFO] Building spring-petclinic-jarjar 2.7.6-SNAPSHOT                    [2/4]
[INFO] --------------------------------[ jar ]---------------------------------
[INFO] 
[INFO] --- maven-resources-plugin:3.3.0:resources (default-resources) @ spring-petclinic-jarjar ---
[INFO] Copying 0 resource
[INFO] Copying 0 resource
[INFO] 
[INFO] --- maven-compiler-plugin:3.10.1:compile (default-compile) @ spring-petclinic-jarjar ---
[INFO] Nothing to compile - all classes are up to date
[INFO] 
[INFO] --- maven-resources-plugin:3.3.0:testResources (default-testResources) @ spring-petclinic-jarjar ---
[INFO] skip non existing resourceDirectory /Users/gregory.eales/Developer/git/spring-petclinic-microservices/spring-petclinic-jarjar/src/test/resources
[INFO] 
[INFO] --- maven-compiler-plugin:3.10.1:testCompile (default-testCompile) @ spring-petclinic-jarjar ---
[INFO] Nothing to compile - all classes are up to date
[INFO] 
[INFO] --- maven-surefire-plugin:2.22.2:test (default-test) @ spring-petclinic-jarjar ---
[INFO] No tests to run.
[INFO] 
[INFO] --- maven-jar-plugin:3.3.0:jar (default-jar) @ spring-petclinic-jarjar ---
[INFO] 
[INFO] --- flatten-maven-plugin:1.3.0:flatten (flatten) @ spring-petclinic-jarjar ---
[INFO] Generating flattened POM of project org.springframework.samples:spring-petclinic-jarjar:jar:2.7.6-SNAPSHOT...
[INFO] 
[INFO] --- maven-install-plugin:3.0.1:install (default-install) @ spring-petclinic-jarjar ---
[INFO] Installing /Users/gregory.eales/Developer/git/spring-petclinic-microservices/spring-petclinic-jarjar/.flattened-pom.xml to /Users/gregory.eales/.m2/repository/org/springframework/samples/spring-petclinic-jarjar/2.7.6-SNAPSHOT/spring-petclinic-jarjar-2.7.6-SNAPSHOT.pom
[INFO] Installing /Users/gregory.eales/Developer/git/spring-petclinic-microservices/spring-petclinic-jarjar/target/spring-petclinic-jarjar-2.7.6-SNAPSHOT.jar to /Users/gregory.eales/.m2/repository/org/springframework/samples/spring-petclinic-jarjar/2.7.6-SNAPSHOT/spring-petclinic-jarjar-2.7.6-SNAPSHOT.jar
[INFO] 
[INFO] --- maven-deploy-plugin:3.0.0:deploy (default-deploy) @ spring-petclinic-jarjar ---
[INFO] Downloading from atmosphere-nexus: https://nexus.atm.osp.tech/repository/maven-snapshots/org/springframework/samples/spring-petclinic-jarjar/2.7.6-SNAPSHOT/maven-metadata.xml
[INFO] Downloaded from atmosphere-nexus: https://nexus.atm.osp.tech/repository/maven-snapshots/org/springframework/samples/spring-petclinic-jarjar/2.7.6-SNAPSHOT/maven-metadata.xml (803 B at 8.5 kB/s)
[INFO] Uploading to atmosphere-nexus: https://nexus.atm.osp.tech/repository/maven-snapshots/org/springframework/samples/spring-petclinic-jarjar/2.7.6-SNAPSHOT/spring-petclinic-jarjar-2.7.6-20230111.163209-12.pom
[INFO] Uploaded to atmosphere-nexus: https://nexus.atm.osp.tech/repository/maven-snapshots/org/springframework/samples/spring-petclinic-jarjar/2.7.6-SNAPSHOT/spring-petclinic-jarjar-2.7.6-20230111.163209-12.pom (2.5 kB at 16 kB/s)
[INFO] Uploading to atmosphere-nexus: https://nexus.atm.osp.tech/repository/maven-snapshots/org/springframework/samples/spring-petclinic-jarjar/2.7.6-SNAPSHOT/spring-petclinic-jarjar-2.7.6-20230111.163209-12.jar
[INFO] Uploaded to atmosphere-nexus: https://nexus.atm.osp.tech/repository/maven-snapshots/org/springframework/samples/spring-petclinic-jarjar/2.7.6-SNAPSHOT/spring-petclinic-jarjar-2.7.6-20230111.163209-12.jar (2.6 kB at 16 kB/s)
[INFO] Downloading from atmosphere-nexus: https://nexus.atm.osp.tech/repository/maven-snapshots/org/springframework/samples/spring-petclinic-jarjar/maven-metadata.xml
[INFO] Downloaded from atmosphere-nexus: https://nexus.atm.osp.tech/repository/maven-snapshots/org/springframework/samples/spring-petclinic-jarjar/maven-metadata.xml (310 B at 4.8 kB/s)
[INFO] Uploading to atmosphere-nexus: https://nexus.atm.osp.tech/repository/maven-snapshots/org/springframework/samples/spring-petclinic-jarjar/2.7.6-SNAPSHOT/maven-metadata.xml
[INFO] Uploaded to atmosphere-nexus: https://nexus.atm.osp.tech/repository/maven-snapshots/org/springframework/samples/spring-petclinic-jarjar/2.7.6-SNAPSHOT/maven-metadata.xml (803 B at 4.6 kB/s)
[INFO] Uploading to atmosphere-nexus: https://nexus.atm.osp.tech/repository/maven-snapshots/org/springframework/samples/spring-petclinic-jarjar/maven-metadata.xml
[INFO] Uploaded to atmosphere-nexus: https://nexus.atm.osp.tech/repository/maven-snapshots/org/springframework/samples/spring-petclinic-jarjar/maven-metadata.xml (310 B at 1.9 kB/s)
[INFO] 
[INFO] --------< org.springframework.samples:spring-petclinic-shared >---------
[INFO] Building spring-petclinic-shared 2.7.6-SNAPSHOT                    [3/4]
[INFO] --------------------------------[ jar ]---------------------------------
[INFO] 
[INFO] --- maven-resources-plugin:3.3.0:resources (default-resources) @ spring-petclinic-shared ---
[INFO] Copying 0 resource
[INFO] Copying 0 resource
[INFO] 
[INFO] --- maven-compiler-plugin:3.10.1:compile (default-compile) @ spring-petclinic-shared ---
[INFO] Nothing to compile - all classes are up to date
[INFO] 
[INFO] --- maven-resources-plugin:3.3.0:testResources (default-testResources) @ spring-petclinic-shared ---
[INFO] skip non existing resourceDirectory /Users/gregory.eales/Developer/git/spring-petclinic-microservices/spring-petclinic-shared/src/test/resources
[INFO] 
[INFO] --- maven-compiler-plugin:3.10.1:testCompile (default-testCompile) @ spring-petclinic-shared ---
[INFO] Nothing to compile - all classes are up to date
[INFO] 
[INFO] --- maven-surefire-plugin:2.22.2:test (default-test) @ spring-petclinic-shared ---
[INFO] 
[INFO] --- maven-jar-plugin:3.3.0:jar (default-jar) @ spring-petclinic-shared ---
[INFO] Building jar: /Users/gregory.eales/Developer/git/spring-petclinic-microservices/spring-petclinic-shared/target/spring-petclinic-shared-2.7.6-SNAPSHOT.jar
[INFO] 
[INFO] --- flatten-maven-plugin:1.3.0:flatten (flatten) @ spring-petclinic-shared ---
[INFO] Generating flattened POM of project org.springframework.samples:spring-petclinic-shared:jar:2.7.6-SNAPSHOT...
[INFO] 
[INFO] --- maven-install-plugin:3.0.1:install (default-install) @ spring-petclinic-shared ---
[INFO] Installing /Users/gregory.eales/Developer/git/spring-petclinic-microservices/spring-petclinic-shared/.flattened-pom.xml to /Users/gregory.eales/.m2/repository/org/springframework/samples/spring-petclinic-shared/2.7.6-SNAPSHOT/spring-petclinic-shared-2.7.6-SNAPSHOT.pom
[INFO] Installing /Users/gregory.eales/Developer/git/spring-petclinic-microservices/spring-petclinic-shared/target/spring-petclinic-shared-2.7.6-SNAPSHOT.jar to /Users/gregory.eales/.m2/repository/org/springframework/samples/spring-petclinic-shared/2.7.6-SNAPSHOT/spring-petclinic-shared-2.7.6-SNAPSHOT.jar
[INFO] 
[INFO] --- maven-deploy-plugin:3.0.0:deploy (default-deploy) @ spring-petclinic-shared ---
[INFO] Downloading from atmosphere-nexus: https://nexus.atm.osp.tech/repository/maven-snapshots/org/springframework/samples/spring-petclinic-shared/2.7.6-SNAPSHOT/maven-metadata.xml
[INFO] Downloaded from atmosphere-nexus: https://nexus.atm.osp.tech/repository/maven-snapshots/org/springframework/samples/spring-petclinic-shared/2.7.6-SNAPSHOT/maven-metadata.xml (800 B at 9.1 kB/s)
[INFO] Uploading to atmosphere-nexus: https://nexus.atm.osp.tech/repository/maven-snapshots/org/springframework/samples/spring-petclinic-shared/2.7.6-SNAPSHOT/spring-petclinic-shared-2.7.6-20230111.163209-3.pom
[INFO] Uploaded to atmosphere-nexus: https://nexus.atm.osp.tech/repository/maven-snapshots/org/springframework/samples/spring-petclinic-shared/2.7.6-SNAPSHOT/spring-petclinic-shared-2.7.6-20230111.163209-3.pom (2.0 kB at 13 kB/s)
[INFO] Uploading to atmosphere-nexus: https://nexus.atm.osp.tech/repository/maven-snapshots/org/springframework/samples/spring-petclinic-shared/2.7.6-SNAPSHOT/spring-petclinic-shared-2.7.6-20230111.163209-3.jar
[INFO] Uploaded to atmosphere-nexus: https://nexus.atm.osp.tech/repository/maven-snapshots/org/springframework/samples/spring-petclinic-shared/2.7.6-SNAPSHOT/spring-petclinic-shared-2.7.6-20230111.163209-3.jar (15 kB at 97 kB/s)
[INFO] Downloading from atmosphere-nexus: https://nexus.atm.osp.tech/repository/maven-snapshots/org/springframework/samples/spring-petclinic-shared/maven-metadata.xml
[INFO] Downloaded from atmosphere-nexus: https://nexus.atm.osp.tech/repository/maven-snapshots/org/springframework/samples/spring-petclinic-shared/maven-metadata.xml (310 B at 3.4 kB/s)
[INFO] Uploading to atmosphere-nexus: https://nexus.atm.osp.tech/repository/maven-snapshots/org/springframework/samples/spring-petclinic-shared/2.7.6-SNAPSHOT/maven-metadata.xml
[INFO] Uploaded to atmosphere-nexus: https://nexus.atm.osp.tech/repository/maven-snapshots/org/springframework/samples/spring-petclinic-shared/2.7.6-SNAPSHOT/maven-metadata.xml (800 B at 4.6 kB/s)
[INFO] Uploading to atmosphere-nexus: https://nexus.atm.osp.tech/repository/maven-snapshots/org/springframework/samples/spring-petclinic-shared/maven-metadata.xml
[INFO] Uploaded to atmosphere-nexus: https://nexus.atm.osp.tech/repository/maven-snapshots/org/springframework/samples/spring-petclinic-shared/maven-metadata.xml (310 B at 1.6 kB/s)
[INFO] 
[INFO] --< org.springframework.samples.petclinic.client:spring-petclinic-customers-service >--
[INFO] Building spring-petclinic-customers-service 2.7.6-SNAPSHOT         [4/4]
[INFO] --------------------------------[ jar ]---------------------------------
[WARNING] The artifact mysql:mysql-connector-java:jar:8.0.31 has been relocated to com.mysql:mysql-connector-j:jar:8.0.31: MySQL Connector/J artifacts moved to reverse-DNS compliant Maven 2+ coordinates.
[WARNING] The artifact org.hibernate:hibernate-validator:jar:8.0.0.Final has been relocated to org.hibernate.validator:hibernate-validator:jar:8.0.0.Final
[INFO] 
[INFO] --- maven-resources-plugin:3.3.0:resources (default-resources) @ spring-petclinic-customers-service ---
[INFO] Copying 1 resource
[INFO] Copying 6 resources
[INFO] 
[INFO] --- maven-compiler-plugin:3.10.1:compile (default-compile) @ spring-petclinic-customers-service ---
[INFO] Changes detected - recompiling the module!
[INFO] Compiling 11 source files to /Users/gregory.eales/Developer/git/spring-petclinic-microservices/spring-petclinic-customers-service/target/classes
[INFO] 
[INFO] --- maven-resources-plugin:3.3.0:testResources (default-testResources) @ spring-petclinic-customers-service ---
[INFO] Copying 1 resource
[INFO] 
[INFO] --- maven-compiler-plugin:3.10.1:testCompile (default-testCompile) @ spring-petclinic-customers-service ---
[INFO] Changes detected - recompiling the module!
[INFO] Compiling 1 source file to /Users/gregory.eales/Developer/git/spring-petclinic-microservices/spring-petclinic-customers-service/target/test-classes
[INFO] 
[INFO] --- maven-surefire-plugin:2.22.2:test (default-test) @ spring-petclinic-customers-service ---
[INFO] 
[INFO] -------------------------------------------------------
[INFO]  T E S T S
[INFO] -------------------------------------------------------
[INFO] Running org.springframework.samples.petclinic.customers.web.PetResourceTest
[INFO] Tests run: 1, Failures: 0, Errors: 0, Skipped: 0, Time elapsed: 8.816 s - in org.springframework.samples.petclinic.customers.web.PetResourceTest
[INFO] 
[INFO] Results:
[INFO] 
[INFO] Tests run: 1, Failures: 0, Errors: 0, Skipped: 0
[INFO] 
[INFO] 
[INFO] --- maven-jar-plugin:3.3.0:jar (default-jar) @ spring-petclinic-customers-service ---
[INFO] Building jar: /Users/gregory.eales/Developer/git/spring-petclinic-microservices/spring-petclinic-customers-service/target/spring-petclinic-customers-service-2.7.6-SNAPSHOT.jar
[INFO] 
[INFO] --- spring-boot-maven-plugin:3.0.1:repackage (repackage) @ spring-petclinic-customers-service ---
[INFO] Replacing main artifact with repackaged archive
[INFO] 
[INFO] --- spring-boot-maven-plugin:3.0.1:repackage (default) @ spring-petclinic-customers-service ---
[INFO] Replacing main artifact with repackaged archive
[INFO] 
[INFO] --- flatten-maven-plugin:1.3.0:flatten (flatten) @ spring-petclinic-customers-service ---
[INFO] Generating flattened POM of project org.springframework.samples.petclinic.client:spring-petclinic-customers-service:jar:2.7.6-SNAPSHOT...
[INFO] 
[INFO] --- maven-install-plugin:3.0.1:install (default-install) @ spring-petclinic-customers-service ---
[INFO] Installing /Users/gregory.eales/Developer/git/spring-petclinic-microservices/spring-petclinic-customers-service/.flattened-pom.xml to /Users/gregory.eales/.m2/repository/org/springframework/samples/petclinic/client/spring-petclinic-customers-service/2.7.6-SNAPSHOT/spring-petclinic-customers-service-2.7.6-SNAPSHOT.pom
[INFO] Installing /Users/gregory.eales/Developer/git/spring-petclinic-microservices/spring-petclinic-customers-service/target/spring-petclinic-customers-service-2.7.6-SNAPSHOT.jar to /Users/gregory.eales/.m2/repository/org/springframework/samples/petclinic/client/spring-petclinic-customers-service/2.7.6-SNAPSHOT/spring-petclinic-customers-service-2.7.6-SNAPSHOT.jar
[INFO] 
[INFO] --- maven-deploy-plugin:3.0.0:deploy (default-deploy) @ spring-petclinic-customers-service ---
[INFO] Downloading from atmosphere-nexus: https://nexus.atm.osp.tech/repository/maven-snapshots/org/springframework/samples/petclinic/client/spring-petclinic-customers-service/2.7.6-SNAPSHOT/maven-metadata.xml
[INFO] Downloaded from atmosphere-nexus: https://nexus.atm.osp.tech/repository/maven-snapshots/org/springframework/samples/petclinic/client/spring-petclinic-customers-service/2.7.6-SNAPSHOT/maven-metadata.xml (828 B at 9.0 kB/s)
[INFO] Uploading to atmosphere-nexus: https://nexus.atm.osp.tech/repository/maven-snapshots/org/springframework/samples/petclinic/client/spring-petclinic-customers-service/2.7.6-SNAPSHOT/spring-petclinic-customers-service-2.7.6-20230111.163209-4.pom
[INFO] Uploaded to atmosphere-nexus: https://nexus.atm.osp.tech/repository/maven-snapshots/org/springframework/samples/petclinic/client/spring-petclinic-customers-service/2.7.6-SNAPSHOT/spring-petclinic-customers-service-2.7.6-20230111.163209-4.pom (4.8 kB at 31 kB/s)
[INFO] Uploading to atmosphere-nexus: https://nexus.atm.osp.tech/repository/maven-snapshots/org/springframework/samples/petclinic/client/spring-petclinic-customers-service/2.7.6-SNAPSHOT/spring-petclinic-customers-service-2.7.6-20230111.163209-4.jar
[INFO] Uploaded to atmosphere-nexus: https://nexus.atm.osp.tech/repository/maven-snapshots/org/springframework/samples/petclinic/client/spring-petclinic-customers-service/2.7.6-SNAPSHOT/spring-petclinic-customers-service-2.7.6-20230111.163209-4.jar (78 MB at 23 MB/s)
[INFO] Downloading from atmosphere-nexus: https://nexus.atm.osp.tech/repository/maven-snapshots/org/springframework/samples/petclinic/client/spring-petclinic-customers-service/maven-metadata.xml
[INFO] Downloaded from atmosphere-nexus: https://nexus.atm.osp.tech/repository/maven-snapshots/org/springframework/samples/petclinic/client/spring-petclinic-customers-service/maven-metadata.xml (338 B at 5.9 kB/s)
[INFO] Uploading to atmosphere-nexus: https://nexus.atm.osp.tech/repository/maven-snapshots/org/springframework/samples/petclinic/client/spring-petclinic-customers-service/2.7.6-SNAPSHOT/maven-metadata.xml
[INFO] Uploaded to atmosphere-nexus: https://nexus.atm.osp.tech/repository/maven-snapshots/org/springframework/samples/petclinic/client/spring-petclinic-customers-service/2.7.6-SNAPSHOT/maven-metadata.xml (828 B at 5.3 kB/s)
[INFO] Uploading to atmosphere-nexus: https://nexus.atm.osp.tech/repository/maven-snapshots/org/springframework/samples/petclinic/client/spring-petclinic-customers-service/maven-metadata.xml
[INFO] Uploaded to atmosphere-nexus: https://nexus.atm.osp.tech/repository/maven-snapshots/org/springframework/samples/petclinic/client/spring-petclinic-customers-service/maven-metadata.xml (338 B at 2.2 kB/s)
[INFO] ------------------------------------------------------------------------
[INFO] Reactor Summary for spring-petclinic-microservices 2.7.6-SNAPSHOT:
[INFO] 
[INFO] spring-petclinic-microservices ..................... SUCCESS [  3.040 s]
[INFO] spring-petclinic-jarjar ............................ SUCCESS [  3.018 s]
[INFO] spring-petclinic-shared ............................ SUCCESS [  1.518 s]
[INFO] spring-petclinic-customers-service ................. SUCCESS [ 22.411 s]
[INFO] ------------------------------------------------------------------------
[INFO] BUILD SUCCESS
[INFO] ------------------------------------------------------------------------
[INFO] Total time:  30.742 s
[INFO] Finished at: 2023-01-11T16:32:40Z
[INFO] ------------------------------------------------------------------------
